mode: set
github.com/Azure/ARO-HCP/hcp-recovery/pkg/controller/constants.go:36.38,38.2 1 0
github.com/Azure/ARO-HCP/hcp-recovery/pkg/controller/controller.go:51.71,57.2 1 1
github.com/Azure/ARO-HCP/hcp-recovery/pkg/controller/controller.go:82.35,92.87 3 0
github.com/Azure/ARO-HCP/hcp-recovery/pkg/controller/controller.go:92.87,94.3 1 0
github.com/Azure/ARO-HCP/hcp-recovery/pkg/controller/controller.go:96.2,107.90 1 0
github.com/Azure/ARO-HCP/hcp-recovery/pkg/controller/controller.go:107.90,109.4 1 0
github.com/Azure/ARO-HCP/hcp-recovery/pkg/controller/controller.go:114.77,120.70 4 0
github.com/Azure/ARO-HCP/hcp-recovery/pkg/controller/controller.go:120.70,122.3 1 0
github.com/Azure/ARO-HCP/hcp-recovery/pkg/controller/controller.go:124.2,125.20 2 0
github.com/Azure/ARO-HCP/hcp-recovery/pkg/controller/controller.go:125.20,127.3 1 0
github.com/Azure/ARO-HCP/hcp-recovery/pkg/controller/controller.go:129.2,133.12 4 0
github.com/Azure/ARO-HCP/hcp-recovery/pkg/controller/controller.go:136.64,137.33 1 0
github.com/Azure/ARO-HCP/hcp-recovery/pkg/controller/controller.go:137.34,138.3 0 0
github.com/Azure/ARO-HCP/hcp-recovery/pkg/controller/controller.go:141.79,143.14 2 0
github.com/Azure/ARO-HCP/hcp-recovery/pkg/controller/controller.go:143.14,145.3 1 0
github.com/Azure/ARO-HCP/hcp-recovery/pkg/controller/controller.go:146.2,149.45 3 0
github.com/Azure/ARO-HCP/hcp-recovery/pkg/controller/controller.go:149.45,152.3 1 0
github.com/Azure/ARO-HCP/hcp-recovery/pkg/controller/controller.go:152.8,152.23 1 0
github.com/Azure/ARO-HCP/hcp-recovery/pkg/controller/controller.go:152.23,155.3 2 0
github.com/Azure/ARO-HCP/hcp-recovery/pkg/controller/controller.go:157.2,158.16 2 0
github.com/Azure/ARO-HCP/hcp-recovery/pkg/controller/controller.go:158.16,162.3 3 0
github.com/Azure/ARO-HCP/hcp-recovery/pkg/controller/controller.go:163.2,164.13 2 0
github.com/Azure/ARO-HCP/hcp-recovery/pkg/controller/controller.go:167.116,178.16 6 0
github.com/Azure/ARO-HCP/hcp-recovery/pkg/controller/controller.go:178.16,181.3 2 0
github.com/Azure/ARO-HCP/hcp-recovery/pkg/controller/controller.go:182.2,182.19 1 0
github.com/Azure/ARO-HCP/hcp-recovery/pkg/controller/controller.go:182.19,183.42 1 0
github.com/Azure/ARO-HCP/hcp-recovery/pkg/controller/controller.go:183.42,184.14 1 0
github.com/Azure/ARO-HCP/hcp-recovery/pkg/controller/controller.go:186.3,186.26 1 0
github.com/Azure/ARO-HCP/hcp-recovery/pkg/controller/controller.go:186.26,188.4 1 0
github.com/Azure/ARO-HCP/hcp-recovery/pkg/controller/controller.go:190.3,190.10 1 0
github.com/Azure/ARO-HCP/hcp-recovery/pkg/controller/controller.go:191.35,192.182 1 0
github.com/Azure/ARO-HCP/hcp-recovery/pkg/controller/controller.go:193.41,194.121 1 0
github.com/Azure/ARO-HCP/hcp-recovery/pkg/controller/controller.go:195.41,196.112 1 0
github.com/Azure/ARO-HCP/hcp-recovery/pkg/controller/controller.go:197.54,198.65 1 0
github.com/Azure/ARO-HCP/hcp-recovery/pkg/controller/controller.go:198.65,199.102 1 0
github.com/Azure/ARO-HCP/hcp-recovery/pkg/controller/controller.go:199.102,200.11 1 0
github.com/Azure/ARO-HCP/hcp-recovery/pkg/controller/controller.go:203.59,204.70 1 0
github.com/Azure/ARO-HCP/hcp-recovery/pkg/controller/controller.go:204.70,206.19 2 0
github.com/Azure/ARO-HCP/hcp-recovery/pkg/controller/controller.go:206.19,207.11 1 0
github.com/Azure/ARO-HCP/hcp-recovery/pkg/controller/controller.go:210.42,211.62 1 0
github.com/Azure/ARO-HCP/hcp-recovery/pkg/controller/controller.go:212.45,213.47 1 0
github.com/Azure/ARO-HCP/hcp-recovery/pkg/controller/controller.go:213.47,214.84 1 0
github.com/Azure/ARO-HCP/hcp-recovery/pkg/controller/controller.go:214.84,215.11 1 0
github.com/Azure/ARO-HCP/hcp-recovery/pkg/controller/controller.go:219.3,219.17 1 0
github.com/Azure/ARO-HCP/hcp-recovery/pkg/controller/controller.go:219.17,222.4 2 0
github.com/Azure/ARO-HCP/hcp-recovery/pkg/controller/controller.go:225.3,225.88 1 0
github.com/Azure/ARO-HCP/hcp-recovery/pkg/controller/controller.go:227.2,227.12 1 0
github.com/Azure/ARO-HCP/hcp-recovery/pkg/controller/controller.go:251.36,253.27 2 0
github.com/Azure/ARO-HCP/hcp-recovery/pkg/controller/controller.go:253.27,255.3 1 0
github.com/Azure/ARO-HCP/hcp-recovery/pkg/controller/controller.go:256.2,256.33 1 0
github.com/Azure/ARO-HCP/hcp-recovery/pkg/controller/controller.go:256.33,258.3 1 0
github.com/Azure/ARO-HCP/hcp-recovery/pkg/controller/controller.go:259.2,259.33 1 0
github.com/Azure/ARO-HCP/hcp-recovery/pkg/controller/controller.go:259.33,261.3 1 0
github.com/Azure/ARO-HCP/hcp-recovery/pkg/controller/controller.go:262.2,262.46 1 0
github.com/Azure/ARO-HCP/hcp-recovery/pkg/controller/controller.go:262.46,264.3 1 0
github.com/Azure/ARO-HCP/hcp-recovery/pkg/controller/controller.go:265.2,265.51 1 0
github.com/Azure/ARO-HCP/hcp-recovery/pkg/controller/controller.go:265.51,267.3 1 0
github.com/Azure/ARO-HCP/hcp-recovery/pkg/controller/controller.go:268.2,268.34 1 0
github.com/Azure/ARO-HCP/hcp-recovery/pkg/controller/controller.go:268.34,270.3 1 0
github.com/Azure/ARO-HCP/hcp-recovery/pkg/controller/controller.go:271.2,271.37 1 0
github.com/Azure/ARO-HCP/hcp-recovery/pkg/controller/controller.go:271.37,273.3 1 0
github.com/Azure/ARO-HCP/hcp-recovery/pkg/controller/controller.go:274.2,274.13 1 0
github.com/Azure/ARO-HCP/hcp-recovery/pkg/controller/controller.go:274.13,276.3 1 0
github.com/Azure/ARO-HCP/hcp-recovery/pkg/controller/controller.go:277.2,277.12 1 0
github.com/Azure/ARO-HCP/hcp-recovery/pkg/controller/controller.go:280.123,285.70 3 0
github.com/Azure/ARO-HCP/hcp-recovery/pkg/controller/controller.go:285.70,288.3 2 0
github.com/Azure/ARO-HCP/hcp-recovery/pkg/controller/controller.go:290.2,303.29 2 0
github.com/Azure/ARO-HCP/hcp-recovery/pkg/controller/controller.go:303.29,305.11 2 0
github.com/Azure/ARO-HCP/hcp-recovery/pkg/controller/controller.go:305.11,307.4 1 0
github.com/Azure/ARO-HCP/hcp-recovery/pkg/controller/controller.go:311.2,315.17 2 0
github.com/Azure/ARO-HCP/hcp-recovery/pkg/controller/controller.go:315.17,320.3 1 0
github.com/Azure/ARO-HCP/hcp-recovery/pkg/controller/controller.go:321.2,321.17 1 0
github.com/Azure/ARO-HCP/hcp-recovery/pkg/controller/controller.go:327.89,329.2 1 1
github.com/Azure/ARO-HCP/hcp-recovery/pkg/controller/controller.go:334.169,339.17 2 1
github.com/Azure/ARO-HCP/hcp-recovery/pkg/controller/controller.go:339.17,341.3 1 1
github.com/Azure/ARO-HCP/hcp-recovery/pkg/controller/controller.go:342.2,342.23 1 0
github.com/Azure/ARO-HCP/hcp-recovery/pkg/controller/controller.go:347.180,350.17 2 1
github.com/Azure/ARO-HCP/hcp-recovery/pkg/controller/controller.go:350.17,352.3 1 1
github.com/Azure/ARO-HCP/hcp-recovery/pkg/controller/controller.go:353.2,353.23 1 0
github.com/Azure/ARO-HCP/hcp-recovery/pkg/controller/controller.go:356.46,358.2 1 1
github.com/Azure/ARO-HCP/hcp-recovery/pkg/controller/controller.go:360.121,362.125 2 1
github.com/Azure/ARO-HCP/hcp-recovery/pkg/controller/controller.go:362.125,364.3 1 1
github.com/Azure/ARO-HCP/hcp-recovery/pkg/controller/controller.go:365.2,365.36 1 1
github.com/Azure/ARO-HCP/hcp-recovery/pkg/controller/controller.go:365.36,367.3 1 1
github.com/Azure/ARO-HCP/hcp-recovery/pkg/controller/controller.go:368.2,368.35 1 1
github.com/Azure/ARO-HCP/hcp-recovery/pkg/controller/controller.go:368.35,370.3 1 0
github.com/Azure/ARO-HCP/hcp-recovery/pkg/controller/controller.go:371.2,371.38 1 1
github.com/Azure/ARO-HCP/hcp-recovery/pkg/controller/helpers.go:25.172,27.34 1 0
github.com/Azure/ARO-HCP/hcp-recovery/pkg/controller/helpers.go:27.34,29.18 2 0
github.com/Azure/ARO-HCP/hcp-recovery/pkg/controller/helpers.go:29.18,31.5 1 0
github.com/Azure/ARO-HCP/hcp-recovery/pkg/controller/helpers.go:32.4,32.22 1 0
github.com/Azure/ARO-HCP/hcp-recovery/pkg/controller/helpers.go:34.42,36.18 2 0
github.com/Azure/ARO-HCP/hcp-recovery/pkg/controller/helpers.go:36.18,38.5 1 0
github.com/Azure/ARO-HCP/hcp-recovery/pkg/controller/helpers.go:39.4,39.22 1 0
github.com/Azure/ARO-HCP/hcp-recovery/pkg/controller/helpers.go:41.37,43.18 2 0
github.com/Azure/ARO-HCP/hcp-recovery/pkg/controller/helpers.go:43.18,45.5 1 0
github.com/Azure/ARO-HCP/hcp-recovery/pkg/controller/helpers.go:46.4,46.22 1 0
github.com/Azure/ARO-HCP/hcp-recovery/pkg/controller/helpers.go:49.2,49.16 1 0
github.com/Azure/ARO-HCP/hcp-recovery/pkg/controller/helpers.go:49.16,51.3 1 0
github.com/Azure/ARO-HCP/hcp-recovery/pkg/controller/helpers.go:52.2,52.12 1 0
github.com/Azure/ARO-HCP/hcp-recovery/pkg/controller/helpers.go:56.62,58.16 2 0
github.com/Azure/ARO-HCP/hcp-recovery/pkg/controller/helpers.go:58.16,60.3 1 0
github.com/Azure/ARO-HCP/hcp-recovery/pkg/controller/helpers.go:61.2,61.17 1 0
github.com/Azure/ARO-HCP/hcp-recovery/pkg/controller/leaderelection.go:42.126,44.16 2 0
github.com/Azure/ARO-HCP/hcp-recovery/pkg/controller/leaderelection.go:44.16,46.3 1 0
github.com/Azure/ARO-HCP/hcp-recovery/pkg/controller/leaderelection.go:49.2,59.16 2 0
github.com/Azure/ARO-HCP/hcp-recovery/pkg/controller/leaderelection.go:59.16,61.3 1 0
github.com/Azure/ARO-HCP/hcp-recovery/pkg/controller/leaderelection.go:63.2,80.54 2 0
github.com/Azure/ARO-HCP/hcp-recovery/pkg/controller/leaderelection.go:80.54,82.33 2 0
github.com/Azure/ARO-HCP/hcp-recovery/pkg/controller/leaderelection.go:82.33,84.6 1 0
github.com/Azure/ARO-HCP/hcp-recovery/pkg/controller/leaderelection.go:86.29,88.5 1 0
github.com/Azure/ARO-HCP/hcp-recovery/pkg/controller/leaderelection.go:91.2,91.16 1 0
github.com/Azure/ARO-HCP/hcp-recovery/pkg/controller/leaderelection.go:91.16,93.3 1 0
github.com/Azure/ARO-HCP/hcp-recovery/pkg/controller/leaderelection.go:95.2,97.12 3 0
github.com/Azure/ARO-HCP/hcp-recovery/pkg/controller/status.go:33.70,37.2 1 1
github.com/Azure/ARO-HCP/hcp-recovery/pkg/controller/status.go:39.90,42.42 2 1
github.com/Azure/ARO-HCP/hcp-recovery/pkg/controller/status.go:42.42,43.46 1 1
github.com/Azure/ARO-HCP/hcp-recovery/pkg/controller/status.go:43.46,45.4 1 1
github.com/Azure/ARO-HCP/hcp-recovery/pkg/controller/status.go:48.2,49.36 2 1
github.com/Azure/ARO-HCP/hcp-recovery/pkg/controller/status.go:49.36,50.28 1 1
github.com/Azure/ARO-HCP/hcp-recovery/pkg/controller/status.go:50.28,51.88 1 0
github.com/Azure/ARO-HCP/hcp-recovery/pkg/controller/status.go:53.3,56.58 2 1
github.com/Azure/ARO-HCP/hcp-recovery/pkg/controller/status.go:56.58,57.50 1 1
github.com/Azure/ARO-HCP/hcp-recovery/pkg/controller/status.go:57.50,59.5 1 1
github.com/Azure/ARO-HCP/hcp-recovery/pkg/controller/status.go:62.2,64.53 3 1
github.com/Azure/ARO-HCP/hcp-recovery/pkg/controller/status.go:64.53,65.41 1 1
github.com/Azure/ARO-HCP/hcp-recovery/pkg/controller/status.go:65.41,67.4 1 0
github.com/Azure/ARO-HCP/hcp-recovery/pkg/controller/status.go:70.2,72.10 3 1
github.com/Azure/ARO-HCP/hcp-recovery/pkg/controller/status.go:77.76,78.91 1 1
github.com/Azure/ARO-HCP/hcp-recovery/pkg/controller/status.go:78.91,80.3 1 1
github.com/Azure/ARO-HCP/hcp-recovery/pkg/controller/status.go:81.2,81.91 1 1
github.com/Azure/ARO-HCP/hcp-recovery/pkg/controller/status.go:81.91,83.3 1 0
github.com/Azure/ARO-HCP/hcp-recovery/pkg/controller/status.go:84.2,84.96 1 1
github.com/Azure/ARO-HCP/hcp-recovery/pkg/controller/status.go:84.96,86.3 1 0
github.com/Azure/ARO-HCP/hcp-recovery/pkg/controller/status.go:87.2,87.151 1 1
github.com/Azure/ARO-HCP/hcp-recovery/pkg/controller/status.go:87.151,89.3 1 0
github.com/Azure/ARO-HCP/hcp-recovery/pkg/controller/status.go:90.2,90.13 1 1
github.com/Azure/ARO-HCP/hcp-recovery/pkg/controller/status.go:93.76,96.2 2 1
github.com/Azure/ARO-HCP/hcp-recovery/pkg/controller/status.go:98.55,101.2 2 0
github.com/Azure/ARO-HCP/hcp-recovery/pkg/controller/status.go:103.57,106.2 2 0
github.com/Azure/ARO-HCP/hcp-recovery/pkg/controller/status.go:108.65,111.2 2 0
github.com/Azure/ARO-HCP/hcp-recovery/pkg/controller/status.go:113.60,116.2 2 0
github.com/Azure/ARO-HCP/hcp-recovery/pkg/controller/status.go:123.138,126.81 2 1
github.com/Azure/ARO-HCP/hcp-recovery/pkg/controller/status.go:126.81,128.3 1 1
github.com/Azure/ARO-HCP/hcp-recovery/pkg/controller/status.go:130.2,130.36 1 1
github.com/Azure/ARO-HCP/hcp-recovery/pkg/controller/status.go:130.36,131.39 1 0
github.com/Azure/ARO-HCP/hcp-recovery/pkg/controller/status.go:131.39,133.4 1 0
github.com/Azure/ARO-HCP/hcp-recovery/pkg/controller/status.go:133.9,133.71 1 0
github.com/Azure/ARO-HCP/hcp-recovery/pkg/controller/status.go:133.71,135.4 1 0
github.com/Azure/ARO-HCP/hcp-recovery/pkg/controller/status.go:138.2,138.38 1 1
github.com/Azure/ARO-HCP/hcp-recovery/pkg/controller/status.go:138.38,139.41 1 0
github.com/Azure/ARO-HCP/hcp-recovery/pkg/controller/status.go:139.41,141.4 1 0
github.com/Azure/ARO-HCP/hcp-recovery/pkg/controller/status.go:141.9,141.75 1 0
github.com/Azure/ARO-HCP/hcp-recovery/pkg/controller/status.go:141.75,143.4 1 0
github.com/Azure/ARO-HCP/hcp-recovery/pkg/controller/status.go:146.2,146.46 1 1
github.com/Azure/ARO-HCP/hcp-recovery/pkg/controller/status.go:146.46,147.49 1 0
github.com/Azure/ARO-HCP/hcp-recovery/pkg/controller/status.go:147.49,149.4 1 0
github.com/Azure/ARO-HCP/hcp-recovery/pkg/controller/status.go:149.9,149.91 1 0
github.com/Azure/ARO-HCP/hcp-recovery/pkg/controller/status.go:149.91,151.4 1 0
github.com/Azure/ARO-HCP/hcp-recovery/pkg/controller/status.go:154.2,155.87 1 1
github.com/Azure/ARO-HCP/hcp-recovery/pkg/controller/status.go:155.87,157.3 1 0
github.com/Azure/ARO-HCP/hcp-recovery/pkg/controller/status.go:159.2,159.76 1 1
github.com/Azure/ARO-HCP/hcp-recovery/pkg/controller/status.go:159.76,161.3 1 1
github.com/Azure/ARO-HCP/hcp-recovery/pkg/controller/status.go:163.2,165.25 3 1
github.com/Azure/ARO-HCP/hcp-recovery/pkg/controller/status.go:168.119,169.51 1 1
github.com/Azure/ARO-HCP/hcp-recovery/pkg/controller/status.go:169.51,171.3 1 1
github.com/Azure/ARO-HCP/hcp-recovery/pkg/controller/status.go:173.2,174.33 2 1
github.com/Azure/ARO-HCP/hcp-recovery/pkg/controller/status.go:174.33,175.37 1 1
github.com/Azure/ARO-HCP/hcp-recovery/pkg/controller/status.go:175.37,177.4 1 1
github.com/Azure/ARO-HCP/hcp-recovery/pkg/controller/status.go:180.2,180.46 1 1
github.com/Azure/ARO-HCP/hcp-recovery/pkg/controller/status.go:180.46,182.14 2 1
github.com/Azure/ARO-HCP/hcp-recovery/pkg/controller/status.go:182.14,184.4 1 0
github.com/Azure/ARO-HCP/hcp-recovery/pkg/controller/status.go:185.3,185.72 1 1
github.com/Azure/ARO-HCP/hcp-recovery/pkg/controller/status.go:185.72,187.4 1 1
github.com/Azure/ARO-HCP/hcp-recovery/pkg/controller/status.go:188.3,188.72 1 1
github.com/Azure/ARO-HCP/hcp-recovery/pkg/controller/status.go:188.72,190.4 1 0
github.com/Azure/ARO-HCP/hcp-recovery/pkg/controller/status.go:191.3,191.75 1 1
github.com/Azure/ARO-HCP/hcp-recovery/pkg/controller/status.go:191.75,193.4 1 0
github.com/Azure/ARO-HCP/hcp-recovery/pkg/controller/status.go:194.3,194.80 1 1
github.com/Azure/ARO-HCP/hcp-recovery/pkg/controller/status.go:194.80,196.4 1 0
github.com/Azure/ARO-HCP/hcp-recovery/pkg/controller/status.go:197.3,197.108 1 1
github.com/Azure/ARO-HCP/hcp-recovery/pkg/controller/status.go:197.108,199.4 1 0
github.com/Azure/ARO-HCP/hcp-recovery/pkg/controller/status.go:202.2,202.13 1 1
github.com/Azure/ARO-HCP/hcp-recovery/pkg/controller/status.go:205.127,208.24 2 1
github.com/Azure/ARO-HCP/hcp-recovery/pkg/controller/status.go:208.24,210.3 1 0
github.com/Azure/ARO-HCP/hcp-recovery/pkg/controller/status.go:211.2,211.29 1 1
github.com/Azure/ARO-HCP/hcp-recovery/pkg/controller/status.go:211.29,213.3 1 0
github.com/Azure/ARO-HCP/hcp-recovery/pkg/controller/status.go:214.2,214.31 1 1
github.com/Azure/ARO-HCP/hcp-recovery/pkg/controller/status.go:214.31,216.3 1 0
github.com/Azure/ARO-HCP/hcp-recovery/pkg/controller/status.go:217.2,217.39 1 1
github.com/Azure/ARO-HCP/hcp-recovery/pkg/controller/status.go:217.39,219.3 1 0
github.com/Azure/ARO-HCP/hcp-recovery/pkg/controller/status.go:220.2,220.36 1 1
github.com/Azure/ARO-HCP/hcp-recovery/pkg/controller/status.go:220.36,222.3 1 0
github.com/Azure/ARO-HCP/hcp-recovery/pkg/controller/status.go:224.2,225.38 2 1
github.com/Azure/ARO-HCP/hcp-recovery/pkg/controller/status.go:225.38,234.3 1 1
github.com/Azure/ARO-HCP/hcp-recovery/pkg/controller/status.go:235.2,237.12 2 1
github.com/Azure/ARO-HCP/hcp-recovery/pkg/controller/status.go:242.101,250.2 1 1
github.com/Azure/ARO-HCP/hcp-recovery/pkg/controller/status.go:252.128,260.2 1 1
github.com/Azure/ARO-HCP/hcp-recovery/pkg/controller/status.go:262.106,270.2 1 1
github.com/Azure/ARO-HCP/hcp-recovery/pkg/controller/status.go:272.133,280.2 1 1
github.com/Azure/ARO-HCP/hcp-recovery/pkg/controller/status.go:282.105,290.2 1 1
github.com/Azure/ARO-HCP/hcp-recovery/pkg/controller/status.go:292.132,300.2 1 1
github.com/Azure/ARO-HCP/hcp-recovery/pkg/controller/status.go:302.106,310.2 1 0
github.com/Azure/ARO-HCP/hcp-recovery/pkg/controller/status.go:312.133,320.2 1 0
github.com/Azure/ARO-HCP/hcp-recovery/pkg/controller/status.go:322.105,330.2 1 1
github.com/Azure/ARO-HCP/hcp-recovery/pkg/controller/status.go:332.132,340.2 1 1
github.com/Azure/ARO-HCP/hcp-recovery/pkg/controller/status.go:342.108,350.2 1 1
github.com/Azure/ARO-HCP/hcp-recovery/pkg/controller/status.go:352.135,360.2 1 1
github.com/Azure/ARO-HCP/hcp-recovery/pkg/controller/status.go:362.113,370.2 1 1
github.com/Azure/ARO-HCP/hcp-recovery/pkg/controller/status.go:372.140,380.2 1 1
github.com/Azure/ARO-HCP/hcp-recovery/pkg/controller/status.go:382.107,390.2 1 1
github.com/Azure/ARO-HCP/hcp-recovery/pkg/controller/status.go:392.134,400.2 1 1
github.com/Azure/ARO-HCP/hcp-recovery/pkg/controller/status.go:402.108,410.2 1 1
github.com/Azure/ARO-HCP/hcp-recovery/pkg/controller/status.go:412.135,420.2 1 1
github.com/Azure/ARO-HCP/hcp-recovery/pkg/controller/status.go:422.108,430.2 1 0
github.com/Azure/ARO-HCP/hcp-recovery/pkg/controller/status.go:432.135,440.2 1 0
github.com/Azure/ARO-HCP/hcp-recovery/pkg/controller/status.go:442.105,450.2 1 0
github.com/Azure/ARO-HCP/hcp-recovery/pkg/controller/status.go:452.132,460.2 1 0
github.com/Azure/ARO-HCP/hcp-recovery/pkg/controller/status.go:462.107,470.2 1 0
github.com/Azure/ARO-HCP/hcp-recovery/pkg/controller/status.go:472.134,480.2 1 0
github.com/Azure/ARO-HCP/hcp-recovery/pkg/controller/status.go:482.108,490.2 1 1
github.com/Azure/ARO-HCP/hcp-recovery/pkg/controller/status.go:492.135,500.2 1 1
github.com/Azure/ARO-HCP/hcp-recovery/pkg/controller/status.go:502.99,510.2 1 1
github.com/Azure/ARO-HCP/hcp-recovery/pkg/controller/status.go:512.127,520.2 1 1
github.com/Azure/ARO-HCP/hcp-recovery/pkg/controller/step_delete_namespace.go:30.140,33.55 2 1
github.com/Azure/ARO-HCP/hcp-recovery/pkg/controller/step_delete_namespace.go:33.55,34.119 1 1
github.com/Azure/ARO-HCP/hcp-recovery/pkg/controller/step_delete_namespace.go:34.119,36.4 1 1
github.com/Azure/ARO-HCP/hcp-recovery/pkg/controller/step_delete_namespace.go:36.9,36.124 1 1
github.com/Azure/ARO-HCP/hcp-recovery/pkg/controller/step_delete_namespace.go:36.124,38.4 1 1
github.com/Azure/ARO-HCP/hcp-recovery/pkg/controller/step_delete_namespace.go:40.2,41.16 2 1
github.com/Azure/ARO-HCP/hcp-recovery/pkg/controller/step_delete_namespace.go:41.16,47.3 2 1
github.com/Azure/ARO-HCP/hcp-recovery/pkg/controller/step_delete_namespace.go:48.2,48.26 1 1
github.com/Azure/ARO-HCP/hcp-recovery/pkg/controller/step_delete_namespace.go:48.26,54.18 2 1
github.com/Azure/ARO-HCP/hcp-recovery/pkg/controller/step_delete_namespace.go:54.18,56.4 1 1
github.com/Azure/ARO-HCP/hcp-recovery/pkg/controller/step_delete_namespace.go:57.3,57.25 1 0
github.com/Azure/ARO-HCP/hcp-recovery/pkg/controller/step_delete_namespace.go:60.2,62.16 3 1
github.com/Azure/ARO-HCP/hcp-recovery/pkg/controller/step_delete_namespace.go:62.16,63.32 1 1
github.com/Azure/ARO-HCP/hcp-recovery/pkg/controller/step_delete_namespace.go:63.32,69.19 2 1
github.com/Azure/ARO-HCP/hcp-recovery/pkg/controller/step_delete_namespace.go:69.19,71.5 1 1
github.com/Azure/ARO-HCP/hcp-recovery/pkg/controller/step_delete_namespace.go:72.4,72.26 1 0
github.com/Azure/ARO-HCP/hcp-recovery/pkg/controller/step_delete_namespace.go:74.3,78.43 2 1
github.com/Azure/ARO-HCP/hcp-recovery/pkg/controller/step_delete_namespace.go:82.2,82.55 1 1
github.com/Azure/ARO-HCP/hcp-recovery/pkg/controller/step_delete_namespace.go:82.55,87.18 2 1
github.com/Azure/ARO-HCP/hcp-recovery/pkg/controller/step_delete_namespace.go:87.18,89.4 1 1
github.com/Azure/ARO-HCP/hcp-recovery/pkg/controller/step_delete_namespace.go:90.3,90.25 1 0
github.com/Azure/ARO-HCP/hcp-recovery/pkg/controller/step_delete_namespace.go:94.2,97.8 1 1
github.com/Azure/ARO-HCP/hcp-recovery/pkg/controller/step_delete_namespace.go:100.146,103.55 2 1
github.com/Azure/ARO-HCP/hcp-recovery/pkg/controller/step_delete_namespace.go:103.55,104.119 1 1
github.com/Azure/ARO-HCP/hcp-recovery/pkg/controller/step_delete_namespace.go:104.119,106.4 1 1
github.com/Azure/ARO-HCP/hcp-recovery/pkg/controller/step_delete_namespace.go:106.9,106.127 1 1
github.com/Azure/ARO-HCP/hcp-recovery/pkg/controller/step_delete_namespace.go:106.127,108.4 1 1
github.com/Azure/ARO-HCP/hcp-recovery/pkg/controller/step_delete_namespace.go:111.2,112.16 2 1
github.com/Azure/ARO-HCP/hcp-recovery/pkg/controller/step_delete_namespace.go:112.16,118.3 2 1
github.com/Azure/ARO-HCP/hcp-recovery/pkg/controller/step_delete_namespace.go:119.2,119.26 1 1
github.com/Azure/ARO-HCP/hcp-recovery/pkg/controller/step_delete_namespace.go:119.26,124.18 2 1
github.com/Azure/ARO-HCP/hcp-recovery/pkg/controller/step_delete_namespace.go:124.18,126.4 1 1
github.com/Azure/ARO-HCP/hcp-recovery/pkg/controller/step_delete_namespace.go:127.3,127.25 1 0
github.com/Azure/ARO-HCP/hcp-recovery/pkg/controller/step_delete_namespace.go:130.2,132.16 3 1
github.com/Azure/ARO-HCP/hcp-recovery/pkg/controller/step_delete_namespace.go:132.16,133.32 1 1
github.com/Azure/ARO-HCP/hcp-recovery/pkg/controller/step_delete_namespace.go:133.32,138.19 2 1
github.com/Azure/ARO-HCP/hcp-recovery/pkg/controller/step_delete_namespace.go:138.19,140.5 1 1
github.com/Azure/ARO-HCP/hcp-recovery/pkg/controller/step_delete_namespace.go:141.4,141.26 1 0
github.com/Azure/ARO-HCP/hcp-recovery/pkg/controller/step_delete_namespace.go:143.3,147.43 2 1
github.com/Azure/ARO-HCP/hcp-recovery/pkg/controller/step_delete_namespace.go:151.2,155.58 1 1
github.com/Azure/ARO-HCP/hcp-recovery/pkg/controller/step_finalizers.go:48.165,50.41 2 1
github.com/Azure/ARO-HCP/hcp-recovery/pkg/controller/step_finalizers.go:50.41,52.89 2 1
github.com/Azure/ARO-HCP/hcp-recovery/pkg/controller/step_finalizers.go:52.89,54.4 1 1
github.com/Azure/ARO-HCP/hcp-recovery/pkg/controller/step_finalizers.go:55.3,56.17 2 1
github.com/Azure/ARO-HCP/hcp-recovery/pkg/controller/step_finalizers.go:56.17,58.4 1 0
github.com/Azure/ARO-HCP/hcp-recovery/pkg/controller/step_finalizers.go:59.3,59.30 1 1
github.com/Azure/ARO-HCP/hcp-recovery/pkg/controller/step_finalizers.go:59.30,61.36 2 1
github.com/Azure/ARO-HCP/hcp-recovery/pkg/controller/step_finalizers.go:61.36,65.5 3 1
github.com/Azure/ARO-HCP/hcp-recovery/pkg/controller/step_finalizers.go:68.2,68.22 1 1
github.com/Azure/ARO-HCP/hcp-recovery/pkg/controller/step_finalizers.go:74.135,76.64 2 1
github.com/Azure/ARO-HCP/hcp-recovery/pkg/controller/step_finalizers.go:76.64,78.17 2 1
github.com/Azure/ARO-HCP/hcp-recovery/pkg/controller/step_finalizers.go:78.17,79.33 1 1
github.com/Azure/ARO-HCP/hcp-recovery/pkg/controller/step_finalizers.go:79.33,80.13 1 1
github.com/Azure/ARO-HCP/hcp-recovery/pkg/controller/step_finalizers.go:82.4,82.19 1 1
github.com/Azure/ARO-HCP/hcp-recovery/pkg/controller/step_finalizers.go:85.3,85.36 1 1
github.com/Azure/ARO-HCP/hcp-recovery/pkg/controller/step_finalizers.go:85.36,86.12 1 1
github.com/Azure/ARO-HCP/hcp-recovery/pkg/controller/step_finalizers.go:90.3,90.30 1 1
github.com/Azure/ARO-HCP/hcp-recovery/pkg/controller/step_finalizers.go:90.30,92.4 1 1
github.com/Azure/ARO-HCP/hcp-recovery/pkg/controller/step_finalizers.go:94.3,96.73 3 1
github.com/Azure/ARO-HCP/hcp-recovery/pkg/controller/step_finalizers.go:98.2,98.22 1 1
github.com/Azure/ARO-HCP/hcp-recovery/pkg/controller/step_finalizers.go:101.152,104.55 2 1
github.com/Azure/ARO-HCP/hcp-recovery/pkg/controller/step_finalizers.go:104.55,105.119 1 1
github.com/Azure/ARO-HCP/hcp-recovery/pkg/controller/step_finalizers.go:105.119,107.4 1 1
github.com/Azure/ARO-HCP/hcp-recovery/pkg/controller/step_finalizers.go:108.3,108.120 1 1
github.com/Azure/ARO-HCP/hcp-recovery/pkg/controller/step_finalizers.go:108.120,110.4 1 1
github.com/Azure/ARO-HCP/hcp-recovery/pkg/controller/step_finalizers.go:113.2,114.16 2 1
github.com/Azure/ARO-HCP/hcp-recovery/pkg/controller/step_finalizers.go:114.16,120.3 2 1
github.com/Azure/ARO-HCP/hcp-recovery/pkg/controller/step_finalizers.go:122.2,122.26 1 1
github.com/Azure/ARO-HCP/hcp-recovery/pkg/controller/step_finalizers.go:122.26,127.18 2 1
github.com/Azure/ARO-HCP/hcp-recovery/pkg/controller/step_finalizers.go:127.18,129.4 1 1
github.com/Azure/ARO-HCP/hcp-recovery/pkg/controller/step_finalizers.go:130.3,130.25 1 0
github.com/Azure/ARO-HCP/hcp-recovery/pkg/controller/step_finalizers.go:133.2,136.16 3 1
github.com/Azure/ARO-HCP/hcp-recovery/pkg/controller/step_finalizers.go:136.16,137.32 1 1
github.com/Azure/ARO-HCP/hcp-recovery/pkg/controller/step_finalizers.go:137.32,142.19 2 1
github.com/Azure/ARO-HCP/hcp-recovery/pkg/controller/step_finalizers.go:142.19,144.5 1 1
github.com/Azure/ARO-HCP/hcp-recovery/pkg/controller/step_finalizers.go:145.4,145.26 1 0
github.com/Azure/ARO-HCP/hcp-recovery/pkg/controller/step_finalizers.go:147.3,151.43 2 1
github.com/Azure/ARO-HCP/hcp-recovery/pkg/controller/step_finalizers.go:154.2,154.55 1 1
github.com/Azure/ARO-HCP/hcp-recovery/pkg/controller/step_finalizers.go:154.55,159.3 1 1
github.com/Azure/ARO-HCP/hcp-recovery/pkg/controller/step_finalizers.go:161.2,162.16 2 1
github.com/Azure/ARO-HCP/hcp-recovery/pkg/controller/step_finalizers.go:162.16,168.3 2 0
github.com/Azure/ARO-HCP/hcp-recovery/pkg/controller/step_finalizers.go:170.2,170.23 1 1
github.com/Azure/ARO-HCP/hcp-recovery/pkg/controller/step_finalizers.go:170.23,175.3 1 1
github.com/Azure/ARO-HCP/hcp-recovery/pkg/controller/step_finalizers.go:177.2,181.17 2 1
github.com/Azure/ARO-HCP/hcp-recovery/pkg/controller/step_finalizers.go:181.17,183.3 1 1
github.com/Azure/ARO-HCP/hcp-recovery/pkg/controller/step_finalizers.go:184.2,184.24 1 0
github.com/Azure/ARO-HCP/hcp-recovery/pkg/controller/step_finalizers.go:187.156,190.55 2 1
github.com/Azure/ARO-HCP/hcp-recovery/pkg/controller/step_finalizers.go:190.55,191.119 1 1
github.com/Azure/ARO-HCP/hcp-recovery/pkg/controller/step_finalizers.go:191.119,193.4 1 1
github.com/Azure/ARO-HCP/hcp-recovery/pkg/controller/step_finalizers.go:194.3,194.125 1 1
github.com/Azure/ARO-HCP/hcp-recovery/pkg/controller/step_finalizers.go:194.125,196.4 1 1
github.com/Azure/ARO-HCP/hcp-recovery/pkg/controller/step_finalizers.go:199.2,200.16 2 1
github.com/Azure/ARO-HCP/hcp-recovery/pkg/controller/step_finalizers.go:200.16,206.3 2 1
github.com/Azure/ARO-HCP/hcp-recovery/pkg/controller/step_finalizers.go:208.2,208.26 1 1
github.com/Azure/ARO-HCP/hcp-recovery/pkg/controller/step_finalizers.go:208.26,213.18 2 1
github.com/Azure/ARO-HCP/hcp-recovery/pkg/controller/step_finalizers.go:213.18,215.4 1 1
github.com/Azure/ARO-HCP/hcp-recovery/pkg/controller/step_finalizers.go:216.3,216.25 1 0
github.com/Azure/ARO-HCP/hcp-recovery/pkg/controller/step_finalizers.go:219.2,222.16 3 1
github.com/Azure/ARO-HCP/hcp-recovery/pkg/controller/step_finalizers.go:222.16,223.32 1 1
github.com/Azure/ARO-HCP/hcp-recovery/pkg/controller/step_finalizers.go:223.32,228.19 2 1
github.com/Azure/ARO-HCP/hcp-recovery/pkg/controller/step_finalizers.go:228.19,230.5 1 1
github.com/Azure/ARO-HCP/hcp-recovery/pkg/controller/step_finalizers.go:231.4,231.26 1 0
github.com/Azure/ARO-HCP/hcp-recovery/pkg/controller/step_finalizers.go:233.3,237.43 2 1
github.com/Azure/ARO-HCP/hcp-recovery/pkg/controller/step_finalizers.go:240.2,240.55 1 1
github.com/Azure/ARO-HCP/hcp-recovery/pkg/controller/step_finalizers.go:240.55,245.3 1 1
github.com/Azure/ARO-HCP/hcp-recovery/pkg/controller/step_finalizers.go:247.2,248.16 2 1
github.com/Azure/ARO-HCP/hcp-recovery/pkg/controller/step_finalizers.go:248.16,254.3 2 1
github.com/Azure/ARO-HCP/hcp-recovery/pkg/controller/step_finalizers.go:256.2,256.23 1 1
github.com/Azure/ARO-HCP/hcp-recovery/pkg/controller/step_finalizers.go:256.23,261.3 1 1
github.com/Azure/ARO-HCP/hcp-recovery/pkg/controller/step_finalizers.go:263.2,267.17 2 1
github.com/Azure/ARO-HCP/hcp-recovery/pkg/controller/step_finalizers.go:267.17,269.3 1 1
github.com/Azure/ARO-HCP/hcp-recovery/pkg/controller/step_finalizers.go:270.2,270.24 1 0
github.com/Azure/ARO-HCP/hcp-recovery/pkg/controller/step_pause.go:29.140,39.55 2 1
github.com/Azure/ARO-HCP/hcp-recovery/pkg/controller/step_pause.go:39.55,40.117 1 1
github.com/Azure/ARO-HCP/hcp-recovery/pkg/controller/step_pause.go:40.117,42.4 1 1
github.com/Azure/ARO-HCP/hcp-recovery/pkg/controller/step_pause.go:45.2,46.16 2 1
github.com/Azure/ARO-HCP/hcp-recovery/pkg/controller/step_pause.go:46.16,52.3 2 1
github.com/Azure/ARO-HCP/hcp-recovery/pkg/controller/step_pause.go:53.2,53.16 1 1
github.com/Azure/ARO-HCP/hcp-recovery/pkg/controller/step_pause.go:53.16,59.18 3 1
github.com/Azure/ARO-HCP/hcp-recovery/pkg/controller/step_pause.go:59.18,61.4 1 1
github.com/Azure/ARO-HCP/hcp-recovery/pkg/controller/step_pause.go:62.3,62.25 1 0
github.com/Azure/ARO-HCP/hcp-recovery/pkg/controller/step_pause.go:65.2,65.85 1 1
github.com/Azure/ARO-HCP/hcp-recovery/pkg/controller/step_pause.go:65.85,70.18 2 1
github.com/Azure/ARO-HCP/hcp-recovery/pkg/controller/step_pause.go:70.18,72.4 1 1
github.com/Azure/ARO-HCP/hcp-recovery/pkg/controller/step_pause.go:73.3,73.25 1 0
github.com/Azure/ARO-HCP/hcp-recovery/pkg/controller/step_pause.go:76.2,84.8 6 1
github.com/Azure/ARO-HCP/hcp-recovery/pkg/controller/step_pause_unpause_schedule.go:30.141,34.55 2 1
github.com/Azure/ARO-HCP/hcp-recovery/pkg/controller/step_pause_unpause_schedule.go:34.55,35.118 1 1
github.com/Azure/ARO-HCP/hcp-recovery/pkg/controller/step_pause_unpause_schedule.go:35.118,37.4 1 1
github.com/Azure/ARO-HCP/hcp-recovery/pkg/controller/step_pause_unpause_schedule.go:40.2,41.134 2 1
github.com/Azure/ARO-HCP/hcp-recovery/pkg/controller/step_pause_unpause_schedule.go:41.134,47.3 2 1
github.com/Azure/ARO-HCP/hcp-recovery/pkg/controller/step_pause_unpause_schedule.go:49.2,50.36 2 1
github.com/Azure/ARO-HCP/hcp-recovery/pkg/controller/step_pause_unpause_schedule.go:50.36,51.21 1 1
github.com/Azure/ARO-HCP/hcp-recovery/pkg/controller/step_pause_unpause_schedule.go:51.21,53.4 1 1
github.com/Azure/ARO-HCP/hcp-recovery/pkg/controller/step_pause_unpause_schedule.go:56.2,56.23 1 1
github.com/Azure/ARO-HCP/hcp-recovery/pkg/controller/step_pause_unpause_schedule.go:56.23,61.18 2 1
github.com/Azure/ARO-HCP/hcp-recovery/pkg/controller/step_pause_unpause_schedule.go:61.18,63.4 1 1
github.com/Azure/ARO-HCP/hcp-recovery/pkg/controller/step_pause_unpause_schedule.go:64.3,64.25 1 0
github.com/Azure/ARO-HCP/hcp-recovery/pkg/controller/step_pause_unpause_schedule.go:67.2,68.28 2 1
github.com/Azure/ARO-HCP/hcp-recovery/pkg/controller/step_pause_unpause_schedule.go:68.28,72.3 3 1
github.com/Azure/ARO-HCP/hcp-recovery/pkg/controller/step_pause_unpause_schedule.go:74.2,78.8 2 1
github.com/Azure/ARO-HCP/hcp-recovery/pkg/controller/step_pause_unpause_schedule.go:81.143,85.55 2 1
github.com/Azure/ARO-HCP/hcp-recovery/pkg/controller/step_pause_unpause_schedule.go:85.55,86.120 1 1
github.com/Azure/ARO-HCP/hcp-recovery/pkg/controller/step_pause_unpause_schedule.go:86.120,88.4 1 1
github.com/Azure/ARO-HCP/hcp-recovery/pkg/controller/step_pause_unpause_schedule.go:91.2,92.134 2 1
github.com/Azure/ARO-HCP/hcp-recovery/pkg/controller/step_pause_unpause_schedule.go:92.134,98.3 2 1
github.com/Azure/ARO-HCP/hcp-recovery/pkg/controller/step_pause_unpause_schedule.go:100.2,101.36 2 1
github.com/Azure/ARO-HCP/hcp-recovery/pkg/controller/step_pause_unpause_schedule.go:101.36,102.20 1 1
github.com/Azure/ARO-HCP/hcp-recovery/pkg/controller/step_pause_unpause_schedule.go:102.20,104.4 1 1
github.com/Azure/ARO-HCP/hcp-recovery/pkg/controller/step_pause_unpause_schedule.go:107.2,107.25 1 1
github.com/Azure/ARO-HCP/hcp-recovery/pkg/controller/step_pause_unpause_schedule.go:107.25,112.18 2 1
github.com/Azure/ARO-HCP/hcp-recovery/pkg/controller/step_pause_unpause_schedule.go:112.18,114.4 1 1
github.com/Azure/ARO-HCP/hcp-recovery/pkg/controller/step_pause_unpause_schedule.go:115.3,115.25 1 0
github.com/Azure/ARO-HCP/hcp-recovery/pkg/controller/step_pause_unpause_schedule.go:118.2,119.30 2 1
github.com/Azure/ARO-HCP/hcp-recovery/pkg/controller/step_pause_unpause_schedule.go:119.30,123.3 3 1
github.com/Azure/ARO-HCP/hcp-recovery/pkg/controller/step_pause_unpause_schedule.go:125.2,129.8 2 1
github.com/Azure/ARO-HCP/hcp-recovery/pkg/controller/step_restore.go:31.141,37.46 5 1
github.com/Azure/ARO-HCP/hcp-recovery/pkg/controller/step_restore.go:37.46,40.3 2 1
github.com/Azure/ARO-HCP/hcp-recovery/pkg/controller/step_restore.go:42.2,42.16 1 1
github.com/Azure/ARO-HCP/hcp-recovery/pkg/controller/step_restore.go:42.16,44.32 1 1
github.com/Azure/ARO-HCP/hcp-recovery/pkg/controller/step_restore.go:45.42,50.19 2 1
github.com/Azure/ARO-HCP/hcp-recovery/pkg/controller/step_restore.go:50.19,52.5 1 1
github.com/Azure/ARO-HCP/hcp-recovery/pkg/controller/step_restore.go:53.4,53.26 1 0
github.com/Azure/ARO-HCP/hcp-recovery/pkg/controller/step_restore.go:55.45,59.39 1 1
github.com/Azure/ARO-HCP/hcp-recovery/pkg/controller/step_restore.go:60.11,66.81 1 1
github.com/Azure/ARO-HCP/hcp-recovery/pkg/controller/step_restore.go:71.2,75.8 2 1
github.com/Azure/ARO-HCP/hcp-recovery/pkg/controller/step_unpause.go:33.142,36.55 2 0
github.com/Azure/ARO-HCP/hcp-recovery/pkg/controller/step_unpause.go:36.55,37.119 1 0
github.com/Azure/ARO-HCP/hcp-recovery/pkg/controller/step_unpause.go:37.119,39.4 1 0
github.com/Azure/ARO-HCP/hcp-recovery/pkg/controller/step_unpause.go:42.2,43.16 2 0
github.com/Azure/ARO-HCP/hcp-recovery/pkg/controller/step_unpause.go:43.16,49.3 2 0
github.com/Azure/ARO-HCP/hcp-recovery/pkg/controller/step_unpause.go:50.2,50.16 1 0
github.com/Azure/ARO-HCP/hcp-recovery/pkg/controller/step_unpause.go:50.16,56.18 3 0
github.com/Azure/ARO-HCP/hcp-recovery/pkg/controller/step_unpause.go:56.18,58.4 1 0
github.com/Azure/ARO-HCP/hcp-recovery/pkg/controller/step_unpause.go:59.3,59.25 1 0
github.com/Azure/ARO-HCP/hcp-recovery/pkg/controller/step_unpause.go:62.2,62.33 1 0
github.com/Azure/ARO-HCP/hcp-recovery/pkg/controller/step_unpause.go:62.33,67.18 2 0
github.com/Azure/ARO-HCP/hcp-recovery/pkg/controller/step_unpause.go:67.18,69.4 1 0
github.com/Azure/ARO-HCP/hcp-recovery/pkg/controller/step_unpause.go:70.3,70.25 1 0
github.com/Azure/ARO-HCP/hcp-recovery/pkg/controller/step_unpause.go:73.2,80.8 5 0
github.com/Azure/ARO-HCP/hcp-recovery/pkg/controller/step_validate_backup.go:30.136,39.16 5 1
github.com/Azure/ARO-HCP/hcp-recovery/pkg/controller/step_validate_backup.go:39.16,40.32 1 1
github.com/Azure/ARO-HCP/hcp-recovery/pkg/controller/step_validate_backup.go:40.32,44.4 2 1
github.com/Azure/ARO-HCP/hcp-recovery/pkg/controller/step_validate_backup.go:45.3,47.170 2 1
github.com/Azure/ARO-HCP/hcp-recovery/pkg/controller/step_validate_backup.go:50.2,50.97 1 1
github.com/Azure/ARO-HCP/hcp-recovery/pkg/controller/step_validate_backup.go:50.97,54.3 2 1
github.com/Azure/ARO-HCP/hcp-recovery/pkg/controller/step_validate_backup.go:56.2,56.67 1 1
github.com/Azure/ARO-HCP/hcp-recovery/pkg/controller/step_validate_backup.go:56.67,61.3 2 1
github.com/Azure/ARO-HCP/hcp-recovery/pkg/controller/step_validate_backup.go:63.2,67.17 2 1
github.com/Azure/ARO-HCP/hcp-recovery/pkg/controller/step_validate_backup.go:67.17,69.3 1 1
github.com/Azure/ARO-HCP/hcp-recovery/pkg/controller/step_validate_backup.go:70.2,70.24 1 1
github.com/Azure/ARO-HCP/hcp-recovery/pkg/controller/step_validate_cluster.go:63.143,67.55 2 1
github.com/Azure/ARO-HCP/hcp-recovery/pkg/controller/step_validate_cluster.go:67.55,68.107 1 1
github.com/Azure/ARO-HCP/hcp-recovery/pkg/controller/step_validate_cluster.go:68.107,70.4 1 1
github.com/Azure/ARO-HCP/hcp-recovery/pkg/controller/step_validate_cluster.go:73.2,74.16 2 1
github.com/Azure/ARO-HCP/hcp-recovery/pkg/controller/step_validate_cluster.go:74.16,76.3 1 1
github.com/Azure/ARO-HCP/hcp-recovery/pkg/controller/step_validate_cluster.go:77.2,77.26 1 1
github.com/Azure/ARO-HCP/hcp-recovery/pkg/controller/step_validate_cluster.go:77.26,83.3 2 1
github.com/Azure/ARO-HCP/hcp-recovery/pkg/controller/step_validate_cluster.go:85.2,85.60 1 1
github.com/Azure/ARO-HCP/hcp-recovery/pkg/controller/step_validate_cluster.go:85.60,86.63 1 1
github.com/Azure/ARO-HCP/hcp-recovery/pkg/controller/step_validate_cluster.go:86.63,87.12 1 0
github.com/Azure/ARO-HCP/hcp-recovery/pkg/controller/step_validate_cluster.go:89.3,89.43 1 1
github.com/Azure/ARO-HCP/hcp-recovery/pkg/controller/step_validate_cluster.go:89.43,94.4 2 1
github.com/Azure/ARO-HCP/hcp-recovery/pkg/controller/step_validate_cluster.go:95.3,99.18 2 1
github.com/Azure/ARO-HCP/hcp-recovery/pkg/controller/step_validate_cluster.go:99.18,101.4 1 1
github.com/Azure/ARO-HCP/hcp-recovery/pkg/controller/step_validate_cluster.go:102.3,102.25 1 0
github.com/Azure/ARO-HCP/hcp-recovery/pkg/controller/step_validate_cluster.go:106.2,109.25 2 1
